<?xml version="1.0" encoding="UTF-8"?>
<testng-results skipped="0" failed="0" total="1" passed="1">
  <reporter-output>
  </reporter-output>
  <suite name="Tests" duration-ms="9549" started-at="2016-07-14T13:37:03Z" finished-at="2016-07-14T13:37:13Z">
    <groups>
    </groups>
    <test name="Test1" duration-ms="9549" started-at="2016-07-14T13:37:03Z" finished-at="2016-07-14T13:37:13Z">
      <class name="tests.LoginTests">
        <test-method status="PASS" signature="init()[pri:0, instance:tests.LoginTests@30c7da1e]" name="init" is-config="true" duration-ms="8896" started-at="2016-07-14T16:37:03Z" finished-at="2016-07-14T16:37:12Z">
          <reporter-output>
          </reporter-output>
        </test-method> <!-- init -->
        <test-method status="PASS" signature="testOne()[pri:0, instance:tests.LoginTests@30c7da1e]" name="testOne" duration-ms="647" started-at="2016-07-14T16:37:12Z" finished-at="2016-07-14T16:37:13Z">
          <reporter-output>
          </reporter-output>
        </test-method> <!-- testOne -->
        <test-method status="PASS" signature="stop()[pri:0, instance:tests.LoginTests@30c7da1e]" name="stop" is-config="true" duration-ms="92" started-at="2016-07-14T16:37:13Z" finished-at="2016-07-14T16:37:13Z">
          <reporter-output>
          </reporter-output>
        </test-method> <!-- stop -->
      </class> <!-- tests.LoginTests -->
    </test> <!-- Test1 -->
  </suite> <!-- Tests -->
</testng-results>
