<?xml version="1.0" encoding="UTF-8"?>
<testng-results skipped="2" failed="0" total="2" passed="0">
  <reporter-output>
  </reporter-output>
  <suite name="Tests" duration-ms="17338" started-at="2016-10-26T14:06:49Z" finished-at="2016-10-26T14:07:06Z">
    <groups>
    </groups>
    <test name="Test1" duration-ms="17338" started-at="2016-10-26T14:06:49Z" finished-at="2016-10-26T14:07:06Z">
      <class name="tests.LoginTests">
        <test-method status="FAIL" signature="init()[pri:0, instance:tests.LoginTests@7e0ea639]" name="init" is-config="true" duration-ms="0" started-at="2016-10-26T17:06:49Z" finished-at="2016-10-26T17:06:49Z">
          <exception class="org.openqa.selenium.WebDriverException">
            <message>
              <![CDATA[Error communicating with the remote browser. It may have died.
Build info: version: '2.53.1', revision: 'a36b8b1', time: '2016-06-30 17:37:03'
System info: host: 'EN410011', ip: '172.16.42.21', os.name: 'Windows 8.1', os.arch: 'amd64', os.version: '6.3', java.version: '1.8.0_111'
Driver info: driver.version: EventFiringWebDriver
Capabilities [{applicationCacheEnabled=true, rotatable=false, handlesAlerts=true, databaseEnabled=true, version=47.0.1, platform=WINDOWS, nativeEvents=false, acceptSslCerts=true, webStorageEnabled=true, locationContextEnabled=true, browserName=firefox, takesScreenshot=true, javascriptEnabled=true, cssSelectorsEnabled=true}]
Session ID: 7d38fa6c-b248-43db-8100-1b756d13d68f
Command duration or timeout: 13.00 seconds
Build info: version: '2.53.1', revision: 'a36b8b1cd5757287168e54b817830adce9b0158d', time: '2016-06-30 19:26:09'
System info: host: 'EN410011', ip: '172.16.42.21', os.name: 'Windows 8.1', os.arch: 'amd64', os.version: '6.3', java.version: '1.8.0_111'
Driver info: org.openqa.selenium.remote.RemoteWebDriver
Capabilities [{applicationCacheEnabled=true, rotatable=false, handlesAlerts=true, databaseEnabled=true, version=47.0.1, platform=WINDOWS, nativeEvents=false, acceptSslCerts=true, webdriver.remote.sessionid=1fc5a43c-58de-4052-a885-e6ed225e707d, webStorageEnabled=true, locationContextEnabled=true, browserName=firefox, takesScreenshot=true, javascriptEnabled=true, cssSelectorsEnabled=true}]
Session ID: 1fc5a43c-58de-4052-a885-e6ed225e707d]]>
            </message>
            <full-stacktrace>
              <![CDATA[org.openqa.selenium.WebDriverException: Error communicating with the remote browser. It may have died.
Build info: version: '2.53.1', revision: 'a36b8b1', time: '2016-06-30 17:37:03'
System info: host: 'EN410011', ip: '172.16.42.21', os.name: 'Windows 8.1', os.arch: 'amd64', os.version: '6.3', java.version: '1.8.0_111'
Driver info: driver.version: EventFiringWebDriver
Capabilities [{applicationCacheEnabled=true, rotatable=false, handlesAlerts=true, databaseEnabled=true, version=47.0.1, platform=WINDOWS, nativeEvents=false, acceptSslCerts=true, webStorageEnabled=true, locationContextEnabled=true, browserName=firefox, takesScreenshot=true, javascriptEnabled=true, cssSelectorsEnabled=true}]
Session ID: 7d38fa6c-b248-43db-8100-1b756d13d68f
Command duration or timeout: 13.00 seconds
Build info: version: '2.53.1', revision: 'a36b8b1cd5757287168e54b817830adce9b0158d', time: '2016-06-30 19:26:09'
System info: host: 'EN410011', ip: '172.16.42.21', os.name: 'Windows 8.1', os.arch: 'amd64', os.version: '6.3', java.version: '1.8.0_111'
Driver info: org.openqa.selenium.remote.RemoteWebDriver
Capabilities [{applicationCacheEnabled=true, rotatable=false, handlesAlerts=true, databaseEnabled=true, version=47.0.1, platform=WINDOWS, nativeEvents=false, acceptSslCerts=true, webdriver.remote.sessionid=1fc5a43c-58de-4052-a885-e6ed225e707d, webStorageEnabled=true, locationContextEnabled=true, browserName=firefox, takesScreenshot=true, javascriptEnabled=true, cssSelectorsEnabled=true}]
Session ID: 1fc5a43c-58de-4052-a885-e6ed225e707d
	at sun.reflect.NativeConstructorAccessorImpl.newInstance0(Native Method)
	at sun.reflect.NativeConstructorAccessorImpl.newInstance(NativeConstructorAccessorImpl.java:62)
	at sun.reflect.DelegatingConstructorAccessorImpl.newInstance(DelegatingConstructorAccessorImpl.java:45)
	at java.lang.reflect.Constructor.newInstance(Constructor.java:423)
	at org.openqa.selenium.remote.ErrorHandler.createThrowable(ErrorHandler.java:206)
	at org.openqa.selenium.remote.ErrorHandler.throwIfResponseFailed(ErrorHandler.java:158)
	at org.openqa.selenium.remote.RemoteWebDriver.execute(RemoteWebDriver.java:678)
	at org.openqa.selenium.remote.RemoteWebDriver.get(RemoteWebDriver.java:316)
	at applogic1.NavigationHelper1.openMainPage(NavigationHelper1.java:20)
	at applogic1.ApplicationManager1.<init>(ApplicationManager1.java:53)
	at engage.pages.TestBase.init(TestBase.java:22)
	at sun.reflect.NativeMethodAccessorImpl.invoke0(Native Method)
	at sun.reflect.NativeMethodAccessorImpl.invoke(NativeMethodAccessorImpl.java:62)
	at sun.reflect.DelegatingMethodAccessorImpl.invoke(DelegatingMethodAccessorImpl.java:43)
	at java.lang.reflect.Method.invoke(Method.java:498)
	at org.testng.internal.MethodInvocationHelper.invokeMethod(MethodInvocationHelper.java:84)
	at org.testng.internal.Invoker.invokeConfigurationMethod(Invoker.java:564)
	at org.testng.internal.Invoker.invokeConfigurations(Invoker.java:213)
	at org.testng.internal.Invoker.invokeConfigurations(Invoker.java:138)
	at org.testng.internal.TestMethodWorker.invokeBeforeClassMethods(TestMethodWorker.java:175)
	at org.testng.internal.TestMethodWorker.run(TestMethodWorker.java:107)
	at org.testng.TestRunner.privateRun(TestRunner.java:767)
	at org.testng.TestRunner.run(TestRunner.java:617)
	at org.testng.SuiteRunner.runTest(SuiteRunner.java:348)
	at org.testng.SuiteRunner.runSequentially(SuiteRunner.java:343)
	at org.testng.SuiteRunner.privateRun(SuiteRunner.java:305)
	at org.testng.SuiteRunner.run(SuiteRunner.java:254)
	at org.testng.SuiteRunnerWorker.runSuite(SuiteRunnerWorker.java:52)
	at org.testng.SuiteRunnerWorker.run(SuiteRunnerWorker.java:86)
	at org.testng.TestNG.runSuitesSequentially(TestNG.java:1224)
	at org.testng.TestNG.runSuitesLocally(TestNG.java:1149)
	at org.testng.TestNG.run(TestNG.java:1057)
	at org.apache.maven.surefire.testng.TestNGExecutor.run(TestNGExecutor.java:217)
	at org.apache.maven.surefire.testng.TestNGXmlTestSuite.execute(TestNGXmlTestSuite.java:84)
	at org.apache.maven.surefire.testng.TestNGProvider.invoke(TestNGProvider.java:92)
	at org.apache.maven.surefire.booter.ForkedBooter.invokeProviderInSameClassLoader(ForkedBooter.java:200)
	at org.apache.maven.surefire.booter.ForkedBooter.runSuitesInProcess(ForkedBooter.java:153)
	at org.apache.maven.surefire.booter.ForkedBooter.main(ForkedBooter.java:103)
Caused by: org.openqa.selenium.remote.UnreachableBrowserException: Error communicating with the remote browser. It may have died.
Build info: version: '2.53.1', revision: 'a36b8b1', time: '2016-06-30 17:37:03'
System info: host: 'EN410011', ip: '172.16.42.21', os.name: 'Windows 8.1', os.arch: 'amd64', os.version: '6.3', java.version: '1.8.0_111'
Driver info: driver.version: EventFiringWebDriver
Capabilities [{applicationCacheEnabled=true, rotatable=false, handlesAlerts=true, databaseEnabled=true, version=47.0.1, platform=WINDOWS, nativeEvents=false, acceptSslCerts=true, webStorageEnabled=true, locationContextEnabled=true, browserName=firefox, takesScreenshot=true, javascriptEnabled=true, cssSelectorsEnabled=true}]
Session ID: 7d38fa6c-b248-43db-8100-1b756d13d68f
Build info: version: '2.53.1', revision: 'a36b8b1cd5757287168e54b817830adce9b0158d', time: '2016-06-30 19:26:09'
System info: host: 'EN410011', ip: '172.16.42.21', os.name: 'Windows 8.1', os.arch: 'amd64', os.version: '6.3', java.version: '1.8.0_111'
Driver info: driver.version: unknown
]]>
            </full-stacktrace>
          </exception> <!-- org.openqa.selenium.WebDriverException -->
          <reporter-output>
          </reporter-output>
        </test-method> <!-- init -->
        <test-method status="SKIP" signature="loginNOK()[pri:0, instance:tests.LoginTests@7e0ea639]" name="loginNOK" duration-ms="15" started-at="2016-10-26T17:07:06Z" finished-at="2016-10-26T17:07:06Z">
          <reporter-output>
          </reporter-output>
        </test-method> <!-- loginNOK -->
        <test-method status="SKIP" signature="openMainPage()[pri:0, instance:tests.LoginTests@7e0ea639]" name="openMainPage" is-config="true" duration-ms="0" started-at="2016-10-26T17:07:06Z" finished-at="2016-10-26T17:07:06Z">
          <reporter-output>
          </reporter-output>
        </test-method> <!-- openMainPage -->
        <test-method status="SKIP" signature="loginOK()[pri:0, instance:tests.LoginTests@7e0ea639]" name="loginOK" duration-ms="0" started-at="2016-10-26T17:07:06Z" finished-at="2016-10-26T17:07:06Z">
          <reporter-output>
          </reporter-output>
        </test-method> <!-- loginOK -->
        <test-method status="SKIP" signature="openMainPage()[pri:0, instance:tests.LoginTests@7e0ea639]" name="openMainPage" is-config="true" duration-ms="0" started-at="2016-10-26T17:07:06Z" finished-at="2016-10-26T17:07:06Z">
          <reporter-output>
          </reporter-output>
        </test-method> <!-- openMainPage -->
        <test-method status="SKIP" signature="stop()[pri:0, instance:tests.LoginTests@7e0ea639]" name="stop" is-config="true" duration-ms="0" started-at="2016-10-26T17:07:06Z" finished-at="2016-10-26T17:07:06Z">
          <reporter-output>
          </reporter-output>
        </test-method> <!-- stop -->
      </class> <!-- tests.LoginTests -->
    </test> <!-- Test1 -->
  </suite> <!-- Tests -->
</testng-results>
